<?xml version="1.0" encoding="UTF-8" ?>
<testsuite tests="25" failures="0" name="CreateAccount.TestCukes" time="0.01" errors="0" skipped="0">
  <properties>
    <property name="java.runtime.name" value="Java(TM) SE Runtime Environment"/>
    <property name="java.vm.version" value="10.0.1+10"/>
    <property name="sun.boot.library.path" value="C:\Program Files\Java\jdk-10.0.1\bin"/>
    <property name="maven.multiModuleProjectDirectory" value="D:\Users\mgundaji\Downloads\bankapp_bdd-master\BDD2"/>
    <property name="java.vm.vendor" value="&quot;Oracle Corporation&quot;"/>
    <property name="java.vendor.url" value="http://java.oracle.com/"/>
    <property name="guice.disable.misplaced.annotation.check" value="true"/>
    <property name="path.separator" value=";"/>
    <property name="java.vm.name" value="Java HotSpot(TM) 64-Bit Server VM"/>
    <property name="file.encoding.pkg" value="sun.io"/>
    <property name="sun.os.patch.level" value="Service Pack 1"/>
    <property name="user.script" value=""/>
    <property name="user.country" value="US"/>
    <property name="sun.java.launcher" value="SUN_STANDARD"/>
    <property name="java.vm.specification.name" value="Java Virtual Machine Specification"/>
    <property name="user.dir" value="D:\Users\mgundaji\Downloads\bankapp_bdd-master\BDD2"/>
    <property name="java.vm.compressedOopsMode" value="32-bit"/>
    <property name="java.runtime.version" value="10.0.1+10"/>
    <property name="java.awt.graphicsenv" value="sun.awt.Win32GraphicsEnvironment"/>
    <property name="os.arch" value="amd64"/>
    <property name="java.io.tmpdir" value="C:\Users\mgundaji\AppData\Local\Temp\"/>
    <property name="line.separator" value="
"/>
    <property name="java.vm.specification.vendor" value="Oracle Corporation"/>
    <property name="user.variant" value=""/>
    <property name="os.name" value="Windows 7"/>
    <property name="classworlds.conf" value="D:\BDDdemo\.metadata\.plugins\org.eclipse.m2e.launching\launches\m2conf5684640902646934452.tmp"/>
    <property name="sun.jnu.encoding" value="Cp1252"/>
    <property name="java.library.path" value="C:\Program Files\Java\jdk-10.0.1\bin;C:\WINDOWS\Sun\Java\bin;C:\WINDOWS\system32;C:\WINDOWS;C:\Program Files (x86)\Common Files\Oracle\Java\javapath;C:\oraclexe\app\oracle\product\11.2.0\server\bin;;C:\WINDOWS\system32;C:\WINDOWS;C:\WINDOWS\System32\Wbem;C:\WINDOWS\System32\WindowsPowerShell\v1.0\;C:\Program Files (x86)\QuickTime\QTSystem\;C:\Program Files\CapgeminiScripts\Support Tools\;C:\WINDOWS\System32\WindowsPowerShell\v1.0\;D:\program\spring-2.0.3.RELEASE\bin;D:\program\apache-maven-3.3.9\bin;C:\Program Files\Java\jdk-10.0.1\bin;."/>
    <property name="jdk.debug" value="release"/>
    <property name="java.class.version" value="54.0"/>
    <property name="java.specification.name" value="Java Platform API Specification"/>
    <property name="sun.management.compiler" value="HotSpot 64-Bit Tiered Compilers"/>
    <property name="os.version" value="6.1"/>
    <property name="user.home" value="C:\Users\mgundaji"/>
    <property name="user.timezone" value="Asia/Calcutta"/>
    <property name="java.awt.printerjob" value="sun.awt.windows.WPrinterJob"/>
    <property name="file.encoding" value="Cp1252"/>
    <property name="java.specification.version" value="10"/>
    <property name="user.name" value="mgundaji"/>
    <property name="java.class.path" value="D:\Users\mgundaji\Downloads\sts-bundle\sts-3.9.5.RELEASE\plugins\org.eclipse.m2e.maven.runtime_1.9.0.20180606-2035\jars\plexus-classworlds-2.5.2.jar"/>
    <property name="java.vm.specification.version" value="10"/>
    <property name="sun.arch.data.model" value="64"/>
    <property name="sun.java.command" value="org.codehaus.plexus.classworlds.launcher.Launcher -B test"/>
    <property name="java.home" value="C:\Program Files\Java\jdk-10.0.1"/>
    <property name="user.language" value="en"/>
    <property name="java.specification.vendor" value="Oracle Corporation"/>
    <property name="awt.toolkit" value="sun.awt.windows.WToolkit"/>
    <property name="java.vm.info" value="mixed mode"/>
    <property name="java.version" value="10.0.1"/>
    <property name="java.vendor" value="Oracle Corporation"/>
    <property name="maven.home" value="D:\Users\mgundaji\Downloads\bankapp_bdd-master\BDD2\EMBEDDED"/>
    <property name="file.separator" value="\"/>
    <property name="java.version.date" value="2018-04-17"/>
    <property name="java.vendor.url.bug" value="http://bugreport.java.com/bugreport/"/>
    <property name="sun.io.unicode.encoding" value="UnicodeLittle"/>
    <property name="sun.cpu.endian" value="little"/>
    <property name="java.vendor.version" value="18.3"/>
    <property name="sun.desktop" value="windows"/>
    <property name="sun.cpu.isalist" value="amd64"/>
  </properties>
  <testcase classname="Scenario: For valid customer create new Account" name="Given customer details" time="0"/>
  <testcase classname="Scenario: For valid customer create new Account" name="When vaild customer" time="0"/>
  <testcase classname="Scenario: For valid customer create new Account" name="And vaild opening balance" time="0"/>
  <testcase classname="Scenario: For valid customer create new Account" name="Then create new Account" time="0"/>
  <testcase classname="Scenario: For valid customer create new Account" name="Scenario: For valid customer create new Account" time="0.009"/>
  <testcase classname="Scenario: For Invalid Customer" name="Given customer details1" time="0"/>
  <testcase classname="Scenario: For Invalid Customer" name="When Invaild customer" time="0"/>
  <testcase classname="Scenario: For Invalid Customer" name="Then throw &apos;Invalid Customer&apos; error message" time="0"/>
  <testcase classname="Scenario: For Invalid Customer" name="Scenario: For Invalid Customer" time="0"/>
  <testcase classname="Scenario: For Invalid Openingbalance" name="Given customer details and Openingbalance" time="0"/>
  <testcase classname="Scenario: For Invalid Openingbalance" name="When Invaild Openingbalance" time="0"/>
  <testcase classname="Scenario: For Invalid Openingbalance" name="Then throw &apos;Insufficient Balance&apos; error message" time="0"/>
  <testcase classname="Scenario: For Invalid Openingbalance" name="Scenario: For Invalid Openingbalance" time="0"/>
  <testcase classname="Scenario: Find account details for customer" name="Given Account number" time="0"/>
  <testcase classname="Scenario: Find account details for customer" name="When Valid account number" time="0"/>
  <testcase classname="Scenario: Find account details for customer" name="Then find account details" time="0"/>
  <testcase classname="Scenario: Find account details for customer" name="Scenario: Find account details for customer" time="0"/>
  <testcase classname="Scenario: Withdraw amount from account" name="Given Account number 1 and amount 1000" time="0"/>
  <testcase classname="Scenario: Withdraw amount from account" name="When Find account and do withdrawal" time="0"/>
  <testcase classname="Scenario: Withdraw amount from account" name="Then update the account details" time="0"/>
  <testcase classname="Scenario: Withdraw amount from account" name="Scenario: Withdraw amount from account" time="0"/>
  <testcase classname="Scenario: deposit amount to account" name="Given Account number 1 and amount 1000" time="0"/>
  <testcase classname="Scenario: deposit amount to account" name="When Find account and do deposit" time="0"/>
  <testcase classname="Scenario: deposit amount to account" name="Then update the account details" time="0"/>
  <testcase classname="Scenario: deposit amount to account" name="Scenario: deposit amount to account" time="0.001"/>
</testsuite>